<?xml version="1.0" encoding="UTF-8"?>
<!-- Generated by org.testng.reporters.JUnitXMLReporter -->
<testsuite hostname="DESKTOP-F9J2U30" name="Default test" tests="3" failures="0" timestamp="14 Oct 2022 06:40:18 GMT" time="83.284" errors="0">
  <testcase name="vender" time="30.783" classname="practise.DataProvider1"/>
  <testcase name="vender" time="25.258" classname="practise.DataProvider1"/>
  <testcase name="vender" time="27.199" classname="practise.DataProvider1"/>
</testsuite> <!-- Default test -->
