<?xml version="1.0" encoding="UTF-8"?>
<testng-results skipped="0" failed="0" total="3" passed="3">
  <reporter-output>
  </reporter-output>
  <suite name="Default suite" duration-ms="83284" started-at="2022-10-14T06:38:55Z" finished-at="2022-10-14T06:40:18Z">
    <groups>
    </groups>
    <test name="Default test" duration-ms="83284" started-at="2022-10-14T06:38:55Z" finished-at="2022-10-14T06:40:18Z">
      <class name="practise.DataProvider1">
        <test-method status="PASS" signature="vender(java.lang.String, java.lang.String, java.lang.String)[pri:0, instance:practise.DataProvider1@77caeb3e]" name="vender" duration-ms="30783" started-at="2022-10-14T12:08:55Z" data-provider="dataprovider_test" finished-at="2022-10-14T12:09:26Z">
          <params>
            <param index="0">
              <value>
                <![CDATA[ruby]]>
              </value>
            </param>
            <param index="1">
              <value>
                <![CDATA[ryby2234]]>
              </value>
            </param>
            <param index="2">
              <value>
                <![CDATA[16756757]]>
              </value>
            </param>
          </params>
          <reporter-output>
          </reporter-output>
        </test-method> <!-- vender -->
        <test-method status="PASS" signature="vender(java.lang.String, java.lang.String, java.lang.String)[pri:0, instance:practise.DataProvider1@77caeb3e]" name="vender" duration-ms="25258" started-at="2022-10-14T12:09:26Z" data-provider="dataprovider_test" finished-at="2022-10-14T12:09:51Z">
          <params>
            <param index="0">
              <value>
                <![CDATA[rani]]>
              </value>
            </param>
            <param index="1">
              <value>
                <![CDATA[123@lore]]>
              </value>
            </param>
            <param index="2">
              <value>
                <![CDATA[565675766]]>
              </value>
            </param>
          </params>
          <reporter-output>
          </reporter-output>
        </test-method> <!-- vender -->
        <test-method status="PASS" signature="vender(java.lang.String, java.lang.String, java.lang.String)[pri:0, instance:practise.DataProvider1@77caeb3e]" name="vender" duration-ms="27199" started-at="2022-10-14T12:09:51Z" data-provider="dataprovider_test" finished-at="2022-10-14T12:10:18Z">
          <params>
            <param index="0">
              <value>
                <![CDATA[puja]]>
              </value>
            </param>
            <param index="1">
              <value>
                <![CDATA[fhgfh@5465]]>
              </value>
            </param>
            <param index="2">
              <value>
                <![CDATA[567576]]>
              </value>
            </param>
          </params>
          <reporter-output>
          </reporter-output>
        </test-method> <!-- vender -->
      </class> <!-- practise.DataProvider1 -->
    </test> <!-- Default test -->
  </suite> <!-- Default suite -->
</testng-results>
